  XCoinApiClient.cpp
D:\Git\BitThumbTrader\Bithumb_20150824_RESTFulAPI-cpp_windows\XCoinApiClient\XCoinApiClient.cpp(191,4): warning C4996: 'sprintf': This function or variable may be unsafe. Consider using sprintf_s instead. To disable deprecation, use _CRT_SECURE_NO_WARNINGS. See online help for details.
D:\Git\BitThumbTrader\Bithumb_20150824_RESTFulAPI-cpp_windows\XCoinApiClient\XCoinApiClient.cpp(290,2): warning C4996: 'strcpy': This function or variable may be unsafe. Consider using strcpy_s instead. To disable deprecation, use _CRT_SECURE_NO_WARNINGS. See online help for details.
D:\Git\BitThumbTrader\Bithumb_20150824_RESTFulAPI-cpp_windows\XCoinApiClient\XCoinApiClient.cpp(291,2): warning C4996: 'strcat': This function or variable may be unsafe. Consider using strcat_s instead. To disable deprecation, use _CRT_SECURE_NO_WARNINGS. See online help for details.
D:\Git\BitThumbTrader\Bithumb_20150824_RESTFulAPI-cpp_windows\XCoinApiClient\XCoinApiClient.cpp(292,2): warning C4996: 'strcat': This function or variable may be unsafe. Consider using strcat_s instead. To disable deprecation, use _CRT_SECURE_NO_WARNINGS. See online help for details.
D:\Git\BitThumbTrader\Bithumb_20150824_RESTFulAPI-cpp_windows\XCoinApiClient\XCoinApiClient.cpp(293,2): warning C4996: 'strcat': This function or variable may be unsafe. Consider using strcat_s instead. To disable deprecation, use _CRT_SECURE_NO_WARNINGS. See online help for details.
D:\Git\BitThumbTrader\Bithumb_20150824_RESTFulAPI-cpp_windows\XCoinApiClient\XCoinApiClient.cpp(332,2): warning C4996: 'strcpy': This function or variable may be unsafe. Consider using strcpy_s instead. To disable deprecation, use _CRT_SECURE_NO_WARNINGS. See online help for details.
D:\Git\BitThumbTrader\Bithumb_20150824_RESTFulAPI-cpp_windows\XCoinApiClient\XCoinApiClient.cpp(333,2): warning C4996: 'strcat': This function or variable may be unsafe. Consider using strcat_s instead. To disable deprecation, use _CRT_SECURE_NO_WARNINGS. See online help for details.
D:\Git\BitThumbTrader\Bithumb_20150824_RESTFulAPI-cpp_windows\XCoinApiClient\XCoinApiClient.cpp(341,2): warning C4996: 'strcpy': This function or variable may be unsafe. Consider using strcpy_s instead. To disable deprecation, use _CRT_SECURE_NO_WARNINGS. See online help for details.
D:\Git\BitThumbTrader\Bithumb_20150824_RESTFulAPI-cpp_windows\XCoinApiClient\XCoinApiClient.cpp(342,2): warning C4996: 'strcat': This function or variable may be unsafe. Consider using strcat_s instead. To disable deprecation, use _CRT_SECURE_NO_WARNINGS. See online help for details.
D:\Git\BitThumbTrader\Bithumb_20150824_RESTFulAPI-cpp_windows\XCoinApiClient\XCoinApiClient.cpp(350,2): warning C4996: 'strcpy': This function or variable may be unsafe. Consider using strcpy_s instead. To disable deprecation, use _CRT_SECURE_NO_WARNINGS. See online help for details.
D:\Git\BitThumbTrader\Bithumb_20150824_RESTFulAPI-cpp_windows\XCoinApiClient\XCoinApiClient.cpp(351,2): warning C4996: 'strcat': This function or variable may be unsafe. Consider using strcat_s instead. To disable deprecation, use _CRT_SECURE_NO_WARNINGS. See online help for details.
D:\Git\BitThumbTrader\Bithumb_20150824_RESTFulAPI-cpp_windows\XCoinApiClient\XCoinApiClient.cpp(357,2): warning C4996: 'strcpy': This function or variable may be unsafe. Consider using strcpy_s instead. To disable deprecation, use _CRT_SECURE_NO_WARNINGS. See online help for details.
D:\Git\BitThumbTrader\Bithumb_20150824_RESTFulAPI-cpp_windows\XCoinApiClient\XCoinApiClient.cpp(263,2): warning C4996: 'sprintf': This function or variable may be unsafe. Consider using sprintf_s instead. To disable deprecation, use _CRT_SECURE_NO_WARNINGS. See online help for details.
D:\Git\BitThumbTrader\Bithumb_20150824_RESTFulAPI-cpp_windows\XCoinApiClient\XCoinApiClient.cpp(280,2): warning C4996: 'sprintf': This function or variable may be unsafe. Consider using sprintf_s instead. To disable deprecation, use _CRT_SECURE_NO_WARNINGS. See online help for details.
D:\Git\BitThumbTrader\Bithumb_20150824_RESTFulAPI-cpp_windows\XCoinApiClient\XCoinApiClient.cpp(301,2): warning C4996: 'sprintf': This function or variable may be unsafe. Consider using sprintf_s instead. To disable deprecation, use _CRT_SECURE_NO_WARNINGS. See online help for details.
  코드를 생성하고 있습니다.
  6 of 28 functions (21.4%) were compiled, the rest were copied from previous compilation.
    0 functions were new in current compilation
    2 functions had inline decision re-evaluated but remain unchanged
  코드를 생성했습니다.
  XCoinApiClient.vcxproj -> D:\Git\BitThumbTrader\Bithumb_20150824_RESTFulAPI-cpp_windows\Release\XCoinApiClient.exe
